[    0.000000] Linux version 4.15.0-212-generic (buildd@lcy02-amd64-083) (gcc version 7.5.0 (Ubuntu 7.5.0-3ubuntu1~18.04)) #223-Ubuntu SMP Tue May 23 13:09:22 UTC 2023 (Ubuntu 4.15.0-212.223-generic 4.15.18)
[    0.000000] Command line: BOOT_IMAGE=/boot/vmlinuz-4.15.0-212-generic root=LABEL=cloudimg-rootfs ro console=tty1 console=ttyS0
[    0.000000] KERNEL supported cpus:
[    0.000000]   Intel GenuineIntel
[    0.000000]   AMD AuthenticAMD
[    0.000000]   Centaur CentaurHauls
[    0.000000] x86/fpu: x87 FPU will use FXSAVE
[    0.000000] e820: BIOS-provided physical RAM map:
[    0.000000] BIOS-e820: [mem 0x0000000000000000-0x000000000009fbff] usable
[    0.000000] BIOS-e820: [mem 0x000000000009fc00-0x000000000009ffff] reserved
[    0.000000] BIOS-e820: [mem 0x00000000000f0000-0x00000000000fffff] reserved
[    0.000000] BIOS-e820: [mem 0x0000000000100000-0x000000001ffeffff] usable
[    0.000000] BIOS-e820: [mem 0x000000001fff0000-0x000000001fffffff] ACPI data
[    0.000000] BIOS-e820: [mem 0x00000000fec00000-0x00000000fec00fff] reserved
[    0.000000] BIOS-e820: [mem 0x00000000fee00000-0x00000000fee00fff] reserved
[    0.000000] BIOS-e820: [mem 0x00000000fffc0000-0x00000000ffffffff] reserved
[    0.000000] NX (Execute Disable) protection: active
[    0.000000] SMBIOS 2.5 present.
[    0.000000] DMI: innotek GmbH VirtualBox/VirtualBox, BIOS VirtualBox 12/01/2006
[    0.000000] Hypervisor detected: KVM
[    0.000000] e820: last_pfn = 0x1fff0 max_arch_pfn = 0x400000000
[    0.000000] MTRR: Disabled
[    0.000000] x86/PAT: MTRRs disabled, skipping PAT initialization too.
[    0.000000] CPU MTRRs all blank - virtualized system.
[    0.000000] x86/PAT: Configuration [0-7]: WB  WT  UC- UC  WB  WT  UC- UC  
[    0.000000] found SMP MP-table at [mem 0x0009fff0-0x0009ffff]
[    0.000000] Scanning 1 areas for low memory corruption
[    0.000000] RAMDISK: [mem 0x1db01000-0x1ee12fff]
[    0.000000] ACPI: Early table checksum verification disabled
[    0.000000] ACPI: RSDP 0x00000000000E0000 000024 (v02 VBOX  )
[    0.000000] ACPI: XSDT 0x000000001FFF0030 00003C (v01 VBOX   VBOXXSDT 00000001 ASL  00000061)
[    0.000000] ACPI: FACP 0x000000001FFF00F0 0000F4 (v04 VBOX   VBOXFACP 00000001 ASL  00000061)
[    0.000000] ACPI: DSDT 0x000000001FFF0610 002353 (v02 VBOX   VBOXBIOS 00000002 INTL 20100528)
[    0.000000] ACPI: FACS 0x000000001FFF0200 000040
[    0.000000] ACPI: FACS 0x000000001FFF0200 000040
[    0.000000] ACPI: APIC 0x000000001FFF0240 000054 (v02 VBOX   VBOXAPIC 00000001 ASL  00000061)
[    0.000000] ACPI: SSDT 0x000000001FFF02A0 00036C (v01 VBOX   VBOXCPUT 00000002 INTL 20100528)
[    0.000000] ACPI: Reserving FACP table memory at [mem 0x1fff00f0-0x1fff01e3]
[    0.000000] ACPI: Reserving DSDT table memory at [mem 0x1fff0610-0x1fff2962]
[    0.000000] ACPI: Reserving FACS table memory at [mem 0x1fff0200-0x1fff023f]
[    0.000000] ACPI: Reserving FACS table memory at [mem 0x1fff0200-0x1fff023f]
[    0.000000] ACPI: Reserving APIC table memory at [mem 0x1fff0240-0x1fff0293]
[    0.000000] ACPI: Reserving SSDT table memory at [mem 0x1fff02a0-0x1fff060b]
[    0.000000] No NUMA configuration found
[    0.000000] Faking a node at [mem 0x0000000000000000-0x000000001ffeffff]
[    0.000000] NODE_DATA(0) allocated [mem 0x1ffc5000-0x1ffeffff]
[    0.000000] kvm-clock: cpu 0, msr 0:1ff44001, primary cpu clock
[    0.000000] kvm-clock: Using msrs 4b564d01 and 4b564d00
[    0.000000] kvm-clock: using sched offset of 3884549115 cycles
[    0.000000] clocksource: kvm-clock: mask: 0xffffffffffffffff max_cycles: 0x1cd42e4dffb, max_idle_ns: 881590591483 ns
[    0.000000] Zone ranges:
[    0.000000]   DMA      [mem 0x0000000000001000-0x0000000000ffffff]
[    0.000000]   DMA32    [mem 0x0000000001000000-0x000000001ffeffff]
[    0.000000]   Normal   empty
[    0.000000]   Device   empty
[    0.000000] Movable zone start for each node
[    0.000000] Early memory node ranges
[    0.000000]   node   0: [mem 0x0000000000001000-0x000000000009efff]
[    0.000000]   node   0: [mem 0x0000000000100000-0x000000001ffeffff]
[    0.000000] Reserved but unavailable: 104 pages
[    0.000000] Initmem setup node 0 [mem 0x0000000000001000-0x000000001ffeffff]
[    0.000000] ACPI: PM-Timer IO Port: 0x4008
[    0.000000] IOAPIC[0]: apic_id 1, version 32, address 0xfec00000, GSI 0-23
[    0.000000] ACPI: INT_SRC_OVR (bus 0 bus_irq 0 global_irq 2 dfl dfl)
[    0.000000] ACPI: INT_SRC_OVR (bus 0 bus_irq 9 global_irq 9 low level)
[    0.000000] Using ACPI (MADT) for SMP configuration information
[    0.000000] smpboot: Allowing 1 CPUs, 0 hotplug CPUs
[    0.000000] PM: Registered nosave memory: [mem 0x00000000-0x00000fff]
[    0.000000] PM: Registered nosave memory: [mem 0x0009f000-0x0009ffff]
[    0.000000] PM: Registered nosave memory: [mem 0x000a0000-0x000effff]
[    0.000000] PM: Registered nosave memory: [mem 0x000f0000-0x000fffff]
[    0.000000] e820: [mem 0x20000000-0xfebfffff] available for PCI devices
[    0.000000] Booting paravirtualized kernel on KVM
[    0.000000] clocksource: refined-jiffies: mask: 0xffffffff max_cycles: 0xffffffff, max_idle_ns: 7645519600211568 ns
[    0.000000] setup_percpu: NR_CPUS:8192 nr_cpumask_bits:1 nr_cpu_ids:1 nr_node_ids:1
[    0.000000] percpu: Embedded 50 pages/cpu s167936 r8192 d28672 u2097152
[    0.000000] PV qspinlock hash table entries: 256 (order: 0, 4096 bytes)
[    0.000000] Built 1 zonelists, mobility grouping on.  Total pages: 128889
[    0.000000] Policy zone: DMA32
[    0.000000] Kernel command line: BOOT_IMAGE=/boot/vmlinuz-4.15.0-212-generic root=LABEL=cloudimg-rootfs ro console=tty1 console=ttyS0
[    0.000000] Memory: 466748K/523832K available (12300K kernel code, 2477K rwdata, 4324K rodata, 2480K init, 2720K bss, 57084K reserved, 0K cma-reserved)
[    0.000000] SLUB: HWalign=64, Order=0-3, MinObjects=0, CPUs=1, Nodes=1
[    0.000000] ftrace: allocating 39508 entries in 155 pages
[    0.004000] Hierarchical RCU implementation.
[    0.004000] 	RCU restricting CPUs from NR_CPUS=8192 to nr_cpu_ids=1.
[    0.004000] 	Tasks RCU enabled.
[    0.004000] RCU: Adjusting geometry for rcu_fanout_leaf=16, nr_cpu_ids=1
[    0.004000] NR_IRQS: 524544, nr_irqs: 256, preallocated irqs: 16
[    0.004000] random: crng init done
[    0.004000] Console: colour VGA+ 80x25
[    0.004000] console [tty1] enabled
[    0.004000] console [ttyS0] enabled
[    0.004000] ACPI: Core revision 20170831
[    0.004000] ACPI: 2 ACPI AML tables successfully acquired and loaded
[    0.004000] APIC: Switch to symmetric I/O mode setup
[    0.004000] ..TIMER: vector=0x30 apic1=0 pin1=2 apic2=-1 pin2=-1
[    0.004009] tsc: Detected 2995.200 MHz processor
[    0.008013] Calibrating delay loop (skipped) preset value.. 5990.40 BogoMIPS (lpj=11980800)
[    0.012007] pid_max: default: 32768 minimum: 301
[    0.016042] Security Framework initialized
[    0.020008] Yama: becoming mindful.
[    0.022949] AppArmor: AppArmor initialized
[    0.024086] Dentry cache hash table entries: 65536 (order: 7, 524288 bytes)
[    0.028039] Inode-cache hash table entries: 32768 (order: 6, 262144 bytes)
[    0.032023] Mount-cache hash table entries: 1024 (order: 1, 8192 bytes)
[    0.036010] Mountpoint-cache hash table entries: 1024 (order: 1, 8192 bytes)
[    0.041561] Last level iTLB entries: 4KB 0, 2MB 0, 4MB 0
[    0.044003] Last level dTLB entries: 4KB 0, 2MB 0, 4MB 0, 1GB 0
[    0.048003] Spectre V1 : Mitigation: usercopy/swapgs barriers and __user pointer sanitization
[    0.052006] Spectre V2 : Mitigation: Enhanced IBRS
[    0.056002] Spectre V2 : Spectre v2 / SpectreRSB mitigation: Filling RSB on context switch
[    0.060002] Spectre V2 : Spectre v2 / PBRSB-eIBRS: Retire a single CALL on VMEXIT
[    0.064002] RETBleed: Mitigation: Enhanced IBRS
[    0.066854] Speculative Store Bypass: Vulnerable
[    0.072000] Freeing SMP alternatives memory: 36K
[    0.180276] smpboot: CPU0: 11th Gen Intel(R) Core(TM) i3-1115G4 @ 3.00GHz (family: 0x6, model: 0x8c, stepping: 0x1)
[    0.184071] Performance Events: unsupported p6 CPU model 140 no PMU driver, software events only.
[    0.188043] Hierarchical SRCU implementation.
[    0.192435] NMI watchdog: Perf event create on CPU 0 failed with -2
[    0.196002] NMI watchdog: Perf NMI watchdog permanently disabled
[    0.200030] smp: Bringing up secondary CPUs ...
[    0.202898] smp: Brought up 1 node, 1 CPU
[    0.204002] smpboot: Max logical packages: 1
[    0.208003] smpboot: Total of 1 processors activated (5990.40 BogoMIPS)
[    0.212096] devtmpfs: initialized
[    0.214362] x86/mm: Memory block size: 128MB
[    0.216090] evm: security.selinux
[    0.220003] evm: security.SMACK64
[    0.222044] evm: security.SMACK64EXEC
[    0.224002] evm: security.SMACK64TRANSMUTE
[    0.228002] evm: security.SMACK64MMAP
[    0.230339] evm: security.apparmor
[    0.232002] evm: security.ima
[    0.233919] evm: security.capability
[    0.236089] clocksource: jiffies: mask: 0xffffffff max_cycles: 0xffffffff, max_idle_ns: 7645041785100000 ns
[    0.240017] futex hash table entries: 256 (order: 2, 16384 bytes)
[    0.244041] pinctrl core: initialized pinctrl subsystem
[    0.248296] RTC time:  0:59:07, date: 08/12/24
[    0.252097] NET: Registered protocol family 16
[    0.256050] audit: initializing netlink subsys (disabled)
[    0.259408] cpuidle: using governor ladder
[    0.260002] cpuidle: using governor menu
[    0.264006] audit: type=2000 audit(1723424352.385:1): state=initialized audit_enabled=0 res=1
[    0.268033] ACPI: bus type PCI registered
[    0.272002] acpiphp: ACPI Hot Plug PCI Controller Driver version: 0.5
[    0.276320] PCI: Using configuration type 1 for base access
[    0.281347] HugeTLB registered 2.00 MiB page size, pre-allocated 0 pages
[    0.284162] ACPI: Added _OSI(Module Device)
[    0.288010] ACPI: Added _OSI(Processor Device)
[    0.292004] ACPI: Added _OSI(3.0 _SCP Extensions)
[    0.296003] ACPI: Added _OSI(Processor Aggregator Device)
[    0.300013] ACPI: Added _OSI(Linux-Dell-Video)
[    0.304015] ACPI: Added _OSI(Linux-Lenovo-NV-HDMI-Audio)
[    0.308002] ACPI: Added _OSI(Linux-HPI-Hybrid-Graphics)
[    0.312149] ACPI: Executed 1 blocks of module-level executable AML code
[    0.318547] ACPI: Interpreter enabled
[    0.320015] ACPI: (supports S0 S5)
[    0.324003] ACPI: Using IOAPIC for interrupt routing
[    0.327423] PCI: Using host bridge windows from ACPI; if necessary, use "pci=nocrs" and report a bug
[    0.328186] ACPI: Enabled 2 GPEs in block 00 to 07
[    0.338977] ACPI: PCI Root Bridge [PCI0] (domain 0000 [bus 00-ff])
[    0.340010] acpi PNP0A03:00: _OSC: OS supports [ASPM ClockPM Segments MSI]
[    0.344577] acpi PNP0A03:00: _OSC: not requesting OS control; OS requires [ExtendedConfig ASPM ClockPM MSI]
[    0.348025] acpi PNP0A03:00: fail to add MMCONFIG information, can't access extended PCI configuration space under this bridge.
[    0.352540] PCI host bridge to bus 0000:00
[    0.356004] pci_bus 0000:00: root bus resource [io  0x0000-0x0cf7 window]
[    0.360012] pci_bus 0000:00: root bus resource [io  0x0d00-0xffff window]
[    0.368014] pci_bus 0000:00: root bus resource [mem 0x000a0000-0x000bffff window]
[    0.372006] pci_bus 0000:00: root bus resource [mem 0x20000000-0xfdffffff window]
[    0.376005] pci_bus 0000:00: root bus resource [bus 00-ff]
[    0.385657] pci 0000:00:01.1: legacy IDE quirk: reg 0x10: [io  0x01f0-0x01f7]
[    0.388007] pci 0000:00:01.1: legacy IDE quirk: reg 0x14: [io  0x03f6]
[    0.392004] pci 0000:00:01.1: legacy IDE quirk: reg 0x18: [io  0x0170-0x0177]
[    0.396004] pci 0000:00:01.1: legacy IDE quirk: reg 0x1c: [io  0x0376]
[    0.418025] pci 0000:00:07.0: quirk: [io  0x4000-0x403f] claimed by PIIX4 ACPI
[    0.420036] pci 0000:00:07.0: quirk: [io  0x4100-0x410f] claimed by PIIX4 SMB
[    0.433343] ACPI: PCI Interrupt Link [LNKA] (IRQs 5 9 10 *11)
[    0.436397] ACPI: PCI Interrupt Link [LNKB] (IRQs 5 9 *10 11)
[    0.440150] ACPI: PCI Interrupt Link [LNKC] (IRQs 5 *9 10 11)
[    0.444142] ACPI: PCI Interrupt Link [LNKD] (IRQs 5 9 10 *11)
[    0.448361] SCSI subsystem initialized
[    0.452099] pci 0000:00:02.0: vgaarb: setting as boot VGA device
[    0.455975] pci 0000:00:02.0: vgaarb: VGA device added: decodes=io+mem,owns=io+mem,locks=none
[    0.456005] pci 0000:00:02.0: vgaarb: bridge control possible
[    0.460002] vgaarb: loaded
[    0.461745] ACPI: bus type USB registered
[    0.464021] usbcore: registered new interface driver usbfs
[    0.468009] usbcore: registered new interface driver hub
[    0.472010] usbcore: registered new device driver usb
[    0.476055] EDAC MC: Ver: 3.0.0
[    0.478912] PCI: Using ACPI for IRQ routing
[    0.480550] NetLabel: Initializing
[    0.484002] NetLabel:  domain hash size = 128
[    0.486654] NetLabel:  protocols = UNLABELED CIPSOv4 CALIPSO
[    0.488022] NetLabel:  unlabeled traffic allowed by default
[    0.492103] clocksource: Switched to clocksource kvm-clock
[    0.520306] VFS: Disk quotas dquot_6.6.0
[    0.527130] VFS: Dquot-cache hash table entries: 512 (order 0, 4096 bytes)
[    0.532622] AppArmor: AppArmor Filesystem Enabled
[    0.536520] pnp: PnP ACPI init
[    0.539760] pnp: PnP ACPI: found 3 devices
[    0.548957] clocksource: acpi_pm: mask: 0xffffff max_cycles: 0xffffff, max_idle_ns: 2085701024 ns
[    0.554966] NET: Registered protocol family 2
[    0.558191] IP idents hash table entries: 8192 (order: 4, 65536 bytes)
[    0.562438] TCP established hash table entries: 4096 (order: 3, 32768 bytes)
[    0.566741] TCP bind hash table entries: 4096 (order: 4, 65536 bytes)
[    0.570811] TCP: Hash tables configured (established 4096 bind 4096)
[    0.575227] UDP hash table entries: 256 (order: 1, 8192 bytes)
[    0.579539] UDP-Lite hash table entries: 256 (order: 1, 8192 bytes)
[    0.583395] NET: Registered protocol family 1
[    0.586148] pci 0000:00:00.0: Limiting direct PCI/PCI transfers
[    0.589863] pci 0000:00:01.0: Activating ISA DMA hang workarounds
[    0.593681] pci 0000:00:02.0: Video device with shadowed ROM at [mem 0x000c0000-0x000dffff]
[    0.600860] Unpacking initramfs...
[    0.985696] Freeing initrd memory: 19528K
[    0.992333] clocksource: tsc: mask: 0xffffffffffffffff max_cycles: 0x2b2c8ec87c7, max_idle_ns: 440795278598 ns
[    0.999813] platform rtc_cmos: registered platform RTC device (no PNP device found)
[    1.005496] Scanning for low memory corruption every 60 seconds
[    1.010606] Initialise system trusted keyrings
[    1.014318] Key type blacklist registered
[    1.017906] workingset: timestamp_bits=36 max_order=17 bucket_order=0
[    1.025051] zbud: loaded
[    1.028006] squashfs: version 4.0 (2009/01/31) Phillip Lougher
[    1.032089] fuse init (API version 7.26)
[    1.036768] Key type asymmetric registered
[    1.039766] Asymmetric key parser 'x509' registered
[    1.043795] Block layer SCSI generic (bsg) driver version 0.4 loaded (major 246)
[    1.048337] io scheduler noop registered
[    1.050684] io scheduler deadline registered
[    1.053752] io scheduler cfq registered (default)
[    1.056966] ACPI: AC Adapter [AC] (on-line)
[    1.059518] input: Power Button as /devices/LNXSYSTM:00/LNXPWRBN:00/input/input0
[    1.064016] ACPI: Power Button [PWRF]
[    1.066461] input: Sleep Button as /devices/LNXSYSTM:00/LNXSLPBN:00/input/input1
[    1.071071] ACPI: Sleep Button [SLPF]
[    1.075222] ACPI: Battery Slot [BAT0] (battery present)
[    1.079461] Serial: 8250/16550 driver, 32 ports, IRQ sharing enabled
[    1.110097] 00:02: ttyS0 at I/O 0x3f8 (irq = 4, base_baud = 115200) is a 16550A
[    1.118027] Linux agpgart interface v0.103
[    1.123135] loop: module loaded
[    1.126963] scsi host0: ata_piix
[    1.129793] scsi host1: ata_piix
[    1.131918] ata1: PATA max UDMA/33 cmd 0x1f0 ctl 0x3f6 bmdma 0xd000 irq 14
[    1.136821] ata2: PATA max UDMA/33 cmd 0x170 ctl 0x376 bmdma 0xd008 irq 15
[    1.142448] tun: Universal TUN/TAP device driver, 1.6
[    1.145854] PPP generic driver version 2.4.2
[    1.148681] ehci_hcd: USB 2.0 'Enhanced' Host Controller (EHCI) Driver
[    1.152630] ehci-pci: EHCI PCI platform driver
[    1.155344] ehci-platform: EHCI generic platform driver
[    1.159004] ohci_hcd: USB 1.1 'Open' Host Controller (OHCI) Driver
[    1.163283] ohci-pci: OHCI PCI platform driver
[    1.166027] ohci-platform: OHCI generic platform driver
[    1.169312] uhci_hcd: USB Universal Host Controller Interface driver
[    1.173494] i8042: PNP: PS/2 Controller [PNP0303:PS2K,PNP0f03:PS2M] at 0x60,0x64 irq 1,12
[    1.181178] serio: i8042 KBD port at 0x60,0x64 irq 1
[    1.184332] serio: i8042 AUX port at 0x60,0x64 irq 12
[    1.187475] mousedev: PS/2 mouse device common for all mice
[    1.192682] input: AT Translated Set 2 keyboard as /devices/platform/i8042/serio0/input/input2
[    1.199188] rtc_cmos rtc_cmos: rtc core: registered rtc_cmos as rtc0
[    1.203880] rtc_cmos rtc_cmos: alarms up to one day, 114 bytes nvram
[    1.207838] i2c /dev entries driver
[    1.210919] device-mapper: uevent: version 1.0.3
[    1.213849] device-mapper: ioctl: 4.37.0-ioctl (2017-09-20) initialised: dm-devel@redhat.com
[    1.219433] ledtrig-cpu: registered to indicate activity on CPUs
[    1.223838] NET: Registered protocol family 10
[    1.230144] Segment Routing with IPv6
[    1.232535] NET: Registered protocol family 17
[    1.235331] Key type dns_resolver registered
[    1.238671] mce: Using 0 MCE banks
[    1.241347] RAS: Correctable Errors collector initialized.
[    1.244941] sched_clock: Marking stable (1244882973, 0)->(1775227139, -530344166)
[    1.249589] registered taskstats version 1
[    1.253133] Loading compiled-in X.509 certificates
[    1.258163] Loaded X.509 cert 'Build time autogenerated kernel key: b5b26778eaa3ab3a4a6cee031137706e947d12ad'
[    1.265570] Loaded X.509 cert 'Canonical Ltd. Live Patch Signing: 14df34d1a87cf37625abec039ef2bf521249b969'
[    1.271967] Loaded X.509 cert 'Canonical Ltd. Kernel Module Signing: 88f752e560a1e0737e31163a466ad7b70a850c19'
[    1.278333] blacklist: Loading compiled-in revocation X.509 certificates
[    1.282934] Loaded X.509 cert 'Canonical Ltd. Secure Boot Signing: 61482aa2830d0ab2ad5af10b7250da9033ddcef0'
[    1.288905] Loaded X.509 cert 'Canonical Ltd. Secure Boot Signing (2017): 242ade75ac4a15e50d50c84b0d45ff3eae707a03'
[    1.295887] Loaded X.509 cert 'Canonical Ltd. Secure Boot Signing (ESM 2018): 365188c1d374d6b07c3c8f240f8ef722433d6a8b'
[    1.347820] Loaded X.509 cert 'Canonical Ltd. Secure Boot Signing (2019): c0746fd6c5da3ae827864651ad66ae47fe24b3e8'
[    1.355159] Loaded X.509 cert 'Canonical Ltd. Secure Boot Signing (2021 v1): a8d54bbb3825cfb94fa13c9f8a594a195c107b8d'
[    1.362087] Loaded X.509 cert 'Canonical Ltd. Secure Boot Signing (2021 v2): 4cf046892d6fd3c9a5b03f98d845f90851dc6a8c'
[    1.369767] Loaded X.509 cert 'Canonical Ltd. Secure Boot Signing (2021 v3): 100437bb6de6e469b581e61cd66bce3ef4ed53af'
[    1.381187] Loaded X.509 cert 'Canonical Ltd. Secure Boot Signing (Ubuntu Core 2019): c1d57b8f6b743f23ee41f4f7ee292f06eecadfb9'
[    1.391292] zswap: loaded using pool lzo/zbud
[    1.399256] Key type big_key registered
[    1.403169] Key type trusted registered
[    1.408508] Key type encrypted registered
[    1.411865] AppArmor: AppArmor sha1 policy hashing enabled
[    1.416550] ima: No TPM chip found, activating TPM-bypass! (rc=-19)
[    1.421659] ima: Allocated hash algorithm: sha1
[    1.425224] evm: HMAC attrs: 0x1
[    1.430066]   Magic number: 4:353:961
[    1.433606] rtc_cmos rtc_cmos: setting system clock to 2024-08-12 00:59:08 UTC (1723424348)
[    1.439955] BIOS EDD facility v0.16 2004-Jun-25, 0 devices found
[    1.444831] EDD information not available.
[    1.451139] Freeing unused kernel image memory: 2480K
[    1.461033] Write protecting the kernel read-only data: 20480k
[    1.464829] Freeing unused kernel image memory: 2008K
[    1.468406] Freeing unused kernel image memory: 1820K
[    1.474685] x86/mm: Checked W+X mappings: passed, no W+X pages found.
Loading, please wait...
starting version 237
[    1.554727] e1000: Intel(R) PRO/1000 Network Driver - version 7.3.21-k8-NAPI
[    1.560100] e1000: Copyright (c) 1999-2006 Intel Corporation.
[    1.566897] Fusion MPT base driver 3.04.20
[    1.570119] Copyright (c) 1999-2008 LSI Corporation
[    1.604691] SSE version of gcm_enc/dec engaged.
[    1.615912] Fusion MPT SPI Host driver 3.04.20
[    1.811937] input: ImExPS/2 Generic Explorer Mouse as /devices/platform/i8042/serio1/input/input4
[    2.220771] e1000 0000:00:03.0 eth0: (PCI:33MHz:32-bit) 02:3b:7b:b7:3b:2d
[    2.225691] e1000 0000:00:03.0 eth0: Intel(R) PRO/1000 Network Connection
[    2.230728] mptbase: ioc0: Initiating bringup
[    2.349480] ioc0: LSI53C1030 A0: Capabilities={Initiator}
[    2.602728] scsi host2: ioc0: LSI53C1030 A0, FwRev=00000000h, Ports=1, MaxQ=256, IRQ=20
[    2.778304] scsi 2:0:0:0: Direct-Access     VBOX     HARDDISK         1.0  PQ: 0 ANSI: 5
[    2.786126] scsi target2:0:0: Beginning Domain Validation
[    2.793685] scsi target2:0:0: Domain Validation skipping write tests
[    2.797732] scsi target2:0:0: Ending Domain Validation
[    2.801227] scsi target2:0:0: asynchronous
[    2.804987] scsi 2:0:1:0: Direct-Access     VBOX     HARDDISK         1.0  PQ: 0 ANSI: 5
[    2.809871] scsi target2:0:1: Beginning Domain Validation
[    2.816578] scsi target2:0:1: Domain Validation skipping write tests
[    2.820404] scsi target2:0:1: Ending Domain Validation
[    2.830302] scsi target2:0:1: asynchronous
[    2.946875] sd 2:0:0:0: Attached scsi generic sg0 type 0
[    2.951786] sd 2:0:0:0: [sda] 83886080 512-byte logical blocks: (42.9 GB/40.0 GiB)
[    2.965772] sd 2:0:1:0: Attached scsi generic sg1 type 0
[    2.970402] sd 2:0:1:0: [sdb] 20480 512-byte logical blocks: (10.5 MB/10.0 MiB)
[    2.975652] sd 2:0:0:0: [sda] Write Protect is off
[    2.978820] sd 2:0:1:0: [sdb] Write Protect is off
[    2.989442] sd 2:0:0:0: [sda] Incomplete mode parameter data
[    2.993743] sd 2:0:0:0: [sda] Assuming drive cache: write through
[    3.004016] sd 2:0:1:0: [sdb] Incomplete mode parameter data
[    3.008220] sd 2:0:1:0: [sdb] Assuming drive cache: write through
[    3.034738]  sda: sda1
[    3.038893] sd 2:0:1:0: [sdb] Attached SCSI disk
[    3.043288] sd 2:0:0:0: [sda] Attached SCSI disk
[    3.442178] e1000 0000:00:08.0 eth1: (PCI:33MHz:32-bit) 08:00:27:29:dc:f6
[    3.447961] e1000 0000:00:08.0 eth1: Intel(R) PRO/1000 Network Connection
[    3.454247] e1000 0000:00:08.0 enp0s8: renamed from eth1
[    3.471382] e1000 0000:00:03.0 enp0s3: renamed from eth0
Begin: Loading essential drivers ... [    5.432636] raid6: sse2x1   gen() 18312 MB/s
[    5.496056] raid6: sse2x1   xor() 11354 MB/s
[    5.561101] raid6: sse2x2   gen() 22431 MB/s
[    5.620096] raid6: sse2x2   xor()  9014 MB/s
[    5.680341] raid6: sse2x4   gen() 25335 MB/s
[    5.744097] raid6: sse2x4   xor() 14204 MB/s
[    5.748238] raid6: using algorithm sse2x4 gen() 25335 MB/s
[    5.752138] raid6: .... xor() 14204 MB/s, rmw enabled
[    5.755459] raid6: using ssse3x2 recovery algorithm
[    5.760291] xor: measuring software checksum speed
[    5.884722]    prefetch64-sse: 58010.000 MB/sec
[    5.992141]    generic_sse: 53580.000 MB/sec
[    5.997219] xor: using function: prefetch64-sse (58010.000 MB/sec)
[    6.003318] async_tx: api initialized (async)
done.
Begin: Running /scripts/init-premount ... done.
Begin: Mounting root file system ... Begin: Running /scripts/local-top ... done.
Begin: Running /scripts/local-premount ... [    6.058611] Btrfs loaded, crc32c=crc32c-intel
Scanning for Btrfs filesystems
done.
Warning: fsck not present, so skipping root file system
[    6.111289] EXT4-fs (sda1): mounted filesystem with ordered data mode. Opts: (null)
done.
Begin: Running /scripts/local-bottom ... done.
Begin: Running /scripts/init-bottom ... done.
[    6.337019] ip_tables: (C) 2000-2006 Netfilter Core Team
[    6.353381] systemd[1]: systemd 237 running in system mode. (+PAM +AUDIT +SELINUX +IMA +APPARMOR +SMACK +SYSVINIT +UTMP +LIBCRYPTSETUP +GCRYPT +GNUTLS +ACL +XZ +LZ4 +SECCOMP +BLKID +ELFUTILS +KMOD -IDN2 +IDN -PCRE2 default-hierarchy=hybrid)
[    6.366379] systemd[1]: Detected virtualization oracle.
[    6.369938] systemd[1]: Detected architecture x86-64.

Welcome to [1mUbuntu 18.04.6 LTS[0m!

[    6.382935] systemd[1]: Set hostname to <ubuntu>.
[    6.397510] systemd[1]: Initializing machine ID from random generator.
[    6.402821] systemd[1]: Installed transient /etc/machine-id file.
[    6.739071] systemd[1]: Reached target User and Group Name Lookups.
[[0;32m  OK  [0m] Reached target User and Group Name Lookups.
[    6.747049] systemd[1]: Created slice System Slice.
[[0;32m  OK  [0m] Created slice System Slice.
[    6.753012] systemd[1]: Listening on Journal Socket.
[[0;32m  OK  [0m] Listening on Journal Socket.
[    6.758522] systemd[1]: Listening on Network Service Netlink Socket.
[[0;32m  OK  [0m] Listening on Network Service Netlink Socket.
[[0;32m  OK  [0m] Listening on udev Kernel Socket.
[[0;32m  OK  [0m] Listening on Syslog Socket.
[[0;32m  OK  [0m] Listening on udev Control Socket.
[[0;32m  OK  [0m] Created slice system-serial\x2dgetty.slice.
         Starting Uncomplicated firewall...
[[0;32m  OK  [0m] Listening on LVM2 metadata daemon socket.
[[0;32m  OK  [0m] Set up automount Arbitrary Executab…rmats File System Automount Point.
         Starting Load Kernel Modules...
         Mounting Kernel Debug File System...
[[0;32m  OK  [0m] Listening on fsck to fsckd communication Socket.
[    6.806605] Loading iSCSI transport class v2.0-870.
         Starting File System Check on Root Device...
         Mounting POSIX Message Queue File System...
         Mounting Huge Pages File System...
[    6.833767] iscsi: registered transport (tcp)
[[0;32m  OK  [0m] Listening on /dev/initctl Compatibility Named Pipe.
[[0;32m  OK  [0m] Reached target Mounting snaps.
[[0;32m  OK  [0m] Reached target Mounted snaps.
         Starting Create list of required st…ce nodes for the current kernel...
[[0;32m  OK  [0m] Listening on LVM2 poll daemon socket.
[[0;32m  OK  [0m] Reached target System Time Synchronized.
[[0;32m  OK  [0m] Created slice User and Session Slice.
[    6.883019] iscsi: registered transport (iser)
         Starting Set the console keyboard layout...
[[0;32m  OK  [0m] Reached target Slices.
[[0;32m  OK  [0m] Started Forward Password Requests to Wall Directory Watch.
         Starting udev Coldplug all Devices...
[[0;32m  OK  [0m] Reached target Swap.
[[0;32m  OK  [0m] Listening on Journal Socket (/dev/log).
[[0;32m  OK  [0m] Listening on Device-mapper event daemon FIFOs.
         Starting Monitoring of LVM2 mirrors…ng dmeventd or progress polling...
[[0;32m  OK  [0m] Listening on Journal Audit Socket.
         Starting Journal Service...
[[0;32m  OK  [0m] Started Uncomplicated firewall.
[[0;32m  OK  [0m] Started Load Kernel Modules.
[[0;32m  OK  [0m] Mounted Kernel Debug File System.
[[0;32m  OK  [0m] Started File System Check on Root Device.
[[0;32m  OK  [0m] Mounted POSIX Message Queue File System.
[[0;32m  OK  [0m] Mounted Huge Pages File System.
[[0;32m  OK  [0m] Started Create list of required sta…vice nodes for the current kernel.
[[0;32m  OK  [0m] Started Journal Service.
[[0;32m  OK  [0m] Started LVM2 metadata daemon.
[[0;32m  OK  [0m] Started File System Check Daemon to report status.
         Starting Create Static Device Nodes in /dev...
         Starting Remount Root and Kernel File Systems...
         Mounting FUSE Control File System...
         Mounting Kernel Configuration File System...
         Starting Apply Kernel Variables...
[[0;32m  OK  [0m] Started udev Coldplug all Devices.
[[0;32m  OK  [0m] Mounted FUSE Control File System.
[[0;32m  OK  [0m] Mounted Kernel Configuration File System.
[[0;32m  OK  [0m] Started Monitoring of LVM2 mirrors,…sing dmeventd or progress polling.
[[0;32m  OK  [0m] Started Create Static Device Nodes in /dev.
[    7.222797] EXT4-fs (sda1): re-mounted. Opts: (null)
[[0;32m  OK  [0m] Started Remount Root and Kernel File Systems.
         Starting Flush Journal to Persistent Storage...
         Starting udev Kernel Device Manager...
         Starting Load/Save Random Seed...
[[0;32m  OK  [0m] Started Apply Kernel Variables.
[[0;32m  OK  [0m] Started Load/Save Random Seed.
[[0;32m  OK  [0m] Started udev Kernel Device Manager.
[[0;32m  OK  [0m] Started Flush Journal to Persistent Storage.
[[0;32m  OK  [0m] Found device /dev/ttyS0.
[[0;32m  OK  [0m] Listening on Load/Save RF Kill Switch Status /dev/rfkill Watch.
[[0;32m  OK  [0m] Started Set the console keyboard layout.
[[0;32m  OK  [0m] Started Dispatch Password Requests to Console Directory Watch.
[[0;32m  OK  [0m] Reached target Local Encrypted Volumes.
[[0;32m  OK  [0m] Reached target Local File Systems (Pre).
[[0;32m  OK  [0m] Reached target Local File Systems.
         Starting AppArmor initialization...
         Starting Create Volatile Files and Directories...
         Starting Set console font and keymap...
         Starting Commit a transient machine-id on disk...
         Starting ebtables ruleset management...
         Starting Tell Plymouth To Write Out Runtime Data...
[[0;32m  OK  [0m] Started Create Volatile Files and Directories.
         Starting Update UTMP about System Boot/Shutdown...
[[0;32m  OK  [0m] Started Tell Plymouth To Write Out Runtime Data.
[[0;32m  OK  [0m] Started Commit a transient machine-id on disk.
[[0;32m  OK  [0m] Started Update UTMP about System Boot/Shutdown.
[[0;32m  OK  [0m] Started ebtables ruleset management.
         Mounting Arbitrary Executable File Formats File System...
[[0;32m  OK  [0m] Mounted Arbitrary Executable File Formats File System.
[[0;32m  OK  [0m] Started AppArmor initialization.
         Starting Load AppArmor profiles managed internally by snapd...
         Starting Initial cloud-init job (pre-networking)...
[[0;32m  OK  [0m] Started Load AppArmor profiles managed internally by snapd.
[[0;32m  OK  [0m] Started Set console font and keymap.
[   11.638057] cloud-init[745]: Cloud-init v. 23.1.2-0ubuntu0~18.04.1 running 'init-local' at Mon, 12 Aug 2024 00:59:18 +0000. Up 11.27 seconds.
[[0;32m  OK  [0m] Started Initial cloud-init job (pre-networking).
[[0;32m  OK  [0m] Reached target Network (Pre).
         Starting Network Service...
[[0;32m  OK  [0m] Started Network Service.
         Starting Wait for Network to be Configured...
         Starting Network Name Resolution...
[[0;32m  OK  [0m] Started Network Name Resolution.
[[0;32m  OK  [0m] Reached target Host and Network Name Lookups.
[[0;32m  OK  [0m] Reached target Network.
[[0;32m  OK  [0m] Started Wait for Network to be Configured.
         Starting Initial cloud-init job (metadata service crawler)...
[   13.920849] cloud-init[878]: Cloud-init v. 23.1.2-0ubuntu0~18.04.1 running 'init' at Mon, 12 Aug 2024 00:59:20 +0000. Up 13.82 seconds.
[   13.929585] cloud-init[878]: ci-info: ++++++++++++++++++++++++++++++++++++++Net device info+++++++++++++++++++++++++++++++++++++++
[   13.937713] cloud-init[878]: ci-info: +--------+-------+----------------------------+---------------+--------+-------------------+
[   13.949552] cloud-init[878]: ci-info: | Device |   Up  |          Address           |      Mask     | Scope  |     Hw-Address    |
[   13.958836] cloud-init[878]: ci-info: +--------+-------+----------------------------+---------------+--------+-------------------+
[   13.969016] cloud-init[878]: ci-info: | enp0s3 |  True |         10.0.2.15          | 255.255.255.0 | global | 02:3b:7b:b7:3b:2d |
[   13.975721] cloud-init[878]: ci-info: | enp0s3 |  True | fe80::3b:7bff:feb7:3b2d/64 |       .       |  link  | 02:3b:7b:b7:3b:2d |
[   13.987612] cloud-init[878]: ci-info: | enp0s8 | False |             .              |       .       |   .    | 08:00:27:29:dc:f6 |
[   13.995726] cloud-init[878]: ci-info: |   lo   |  True |         127.0.0.1          |   255.0.0.0   |  host  |         .         |
[   14.003594] cloud-init[878]: ci-info: |   lo   |  True |          ::1/128           |       .       |  host  |         .         |
[   14.010434] cloud-init[878]: ci-info: +--------+-------+----------------------------+---------------+--------+-------------------+
[   14.021907] cloud-init[878]: ci-info: ++++++++++++++++++++++++++++Route IPv4 info+++++++++++++++++++++++++++++
[   14.030231] cloud-init[878]: ci-info: +-------+-------------+----------+-----------------+-----------+-------+
[   14.034574] cloud-init[878]: ci-info: | Route | Destination | Gateway  |     Genmask     | Interface | Flags |
[   14.040038] cloud-init[878]: ci-info: +-------+-------------+----------+-----------------+-----------+-------+
[   14.045849] cloud-init[878]: ci-info: |   0   |   0.0.0.0   | 10.0.2.2 |     0.0.0.0     |   enp0s3  |   UG  |
[   14.053170] cloud-init[878]: ci-info: |   1   |   10.0.2.0  | 0.0.0.0  |  255.255.255.0  |   enp0s3  |   U   |
[   14.063521] cloud-init[878]: ci-info: |   2   |   10.0.2.2  | 0.0.0.0  | 255.255.255.255 |   enp0s3  |   UH  |
[   14.073298] cloud-init[878]: ci-info: +-------+-------------+----------+-----------------+-----------+-------+
[   14.080548] cloud-init[878]: ci-info: +++++++++++++++++++Route IPv6 info+++++++++++++++++++
[   14.086776] cloud-init[878]: ci-info: +-------+-------------+---------+-----------+-------+
[   14.095364] cloud-init[878]: ci-info: | Route | Destination | Gateway | Interface | Flags |
[   14.100988] cloud-init[878]: ci-info: +-------+-------------+---------+-----------+-------+
[   14.113026] cloud-init[878]: ci-info: |   1   |  fe80::/64  |    ::   |   enp0s3  |   U   |
[   14.120855] cloud-init[878]: ci-info: |   3   |    local    |    ::   |   enp0s3  |   U   |
[   14.128836] cloud-init[878]: ci-info: |   4   |   ff00::/8  |    ::   |   enp0s3  |   U   |
[   14.134677] cloud-init[878]: ci-info: +-------+-------------+---------+-----------+-------+
[   14.739651] cloud-init[878]: Generating public/private rsa key pair.
[   14.756890] cloud-init[878]: Your identification has been saved in /etc/ssh/ssh_host_rsa_key.
[   14.762008] cloud-init[878]: Your public key has been saved in /etc/ssh/ssh_host_rsa_key.pub.
[   14.766569] cloud-init[878]: The key fingerprint is:
[   14.777535] cloud-init[878]: SHA256:EEJnQCrRhUlxmCB84EPw3wc43S7T2/s9rcFqj1RSt+8 root@ubuntu-bionic
[   14.782131] cloud-init[878]: The key's randomart image is:
[[0;32m  OK  [0m[   14.812500] cloud-init[878]: +---[RSA 2048]----+
[   14.814971] cloud-init] Started Initial cloud-init job (metadata service crawler).
[[0;32m  OK  [0m] Reached target Cloud-config availability.
[[0;32m  OK  [0m] Reached target Network is Online.
[878]: |B*+XB.+          |
         Starting Availability of block devices...[   14.833011] cloud-init[878]: |++*+ * o         |
[   14.835686] 
[[0;32m  OK  [0m] Reached target Remote File Systems (Pre).
[[0;32m  OK  [0m] Reached target Remote File Systems.
[[0;32m  OK  [0m] Reached target System Initialization.
[[0;32m  OK  [0m] cloud-init[878]: |.o+ o + .     . .|
[   14.854785] cloud-init[878]: Listening on UUID daemon activation socket.
[[0;32m  OK  [0m] Started Message of the Day.
[[0;32m  OK  [0m] Listening on cloud-init hotplug hook socket.| ... o =     . ..|
[   14.866922] cloud-init
[[0;32m  OK  [0m] Started Daily apt download activities.[878]: |    . + S   . .. |
[   14.875781] 
[[0;32m  OK  [0m] Started Daily Cleanup of Temporary Directories.
cloud-init[878]: |       + o   +  .|
[   14.881008] [[0;32m  OK  [0m] Started ACPI Events Check.
cloud-init[878]: |        . . . o..|
[   14.886346] cloud-init[878]: |           o.+.o.|[[0;32m  OK  [0m] Reached target Paths.
         Starting Socket activation for snappy daemon.
[   14.893680] cloud-init[878]: |          .o+.+oE|
[   14.896251] 
[[0;32m  OK  [0m] Listening on Open-iSCSI iscsid Socket.
cloud-init[878]: +----[SHA256]-----+
[   14.902340] cloud-init[878]: Generating public/private dsa key pair.[[0;32m  OK  [0m] Started Discard unused blocks once a week.
[[0;32m  OK  [0m] Listening on ACPID Listen Socket.
[[0;32m  OK  [0m
[   14.914602] cloud-init[878]: ] Started Ubuntu Advantage Timer for running repeated jobs.
Your identification has been saved in /etc/ssh/ssh_host_dsa_key.
[   14.920575] cloud-init[878]: Your public key has been saved in /etc/ssh/ssh_host_dsa_key.pub.
         Starting LXD - unix socket.
[[0;32m  OK  [0m] Started Daily apt upgrade and clean activities.
[[0;32m  OK  [0m] Reached target Timers.
[   14.937274] [[0;32m  OK  [0m] Listening on D-Bus System Message Bus Socket.cloud-init[878]: The key fingerprint is:
[[0;32m  OK  [0m] Started Availability of block devices.
[   14.950147] cloud-init[878]: SHA256:M4CObVLy68nNcxNoFWmpW4A4YsY1K3QmK3YPIyafpsI root@ubuntu-bionic
[[0;32m  OK  [0m] Listening on Socket activation for snappy daemon.
[[0;32m  OK  [0m] Listening on LXD - unix socket.
[[0;32m  OK  [0m] Reached target Sockets.
[[0;32m  OK  [0m] Reached target Basic System.
[   14.969169] cloud-init[878]: The key's randomart image is:
[   14.971819] 
[[0;32m  OK  [0m] cloud-init[878]: +---[DSA 1024]----+
[   14.978513] cloud-init[878]: |.o.* .   o       |Started Regular background program processing daemon.
[[0;32m  OK  [0m] Started FUSE filesystem for LXC.

[   14.989091] cloud-init[878]: |o+B +.. =        |
         Starting Virtualbox guest utils...
[   14.994746] cloud-init[878]:          Starting Permit User Sessions...
         Starting LXD - container startup/shutdown...
|=B.*o .+ .       |
[   15.016097] cloud-init[878]: |=.+O+ ..o        |
[   15.023556] cloud-init[878]: |  * =. =S        |
[   15.033272] cloud-init[878]: |.o o .+ .o       |
[   15.042720] cloud-init[878]: |oE  ..   .       |
[   15.051567] cloud-init[878]: |.  o +. o        |
[   15.059686] cloud-init[878]: |    + oo .       |
[   15.068480] cloud-init[878]: +----[SHA256]-----+
[   15.077057] cloud-init[878]: Generating public/private ecdsa key pair.
[   15.083307] cloud-init[878]: Your identification has been saved in /etc/ssh/ssh_host_ecdsa_key.
[   15.093403] cloud-init[878]: Your public key has been saved in /etc/ssh/ssh_host_ecdsa_key.pub.
[   15.100238] cloud-init[878]: The key fingerprint is:
         Starting Pollinate to seed the pseudo random number generator...
[[0;32m  OK  [0m] Reached target Login Prompts (Pre).
[[0;32m  OK  [0m] Started Deferred execution scheduler.
[   15.122917] cloud-init[878]: SHA256:BKVnuErpHzWoagdBYsznzMQSjHdgMpGEBBQBFA4KwWo root@ubuntu-bionic
[   15.135761] cloud-init[878]: The key's randomart image is:
[   15.143672] cloud-init[878]: +---[ECDSA 256]---+
[   15.160284] cloud-init[878]: |^&O.  ...        |
[   15.163107] cloud-init[878]: |X@o+.  +         |
[   15.167453] cloud-init[878]: |+=B.  o +        |
[   15.171356] cloud-init[878]: |.E.+ . *         |
[   15.175795] cloud-init[878]: |.  .o o S        |[[0;32m  OK  [0m] Started irqbalance daemon.

[[0;32m  OK  [0m] Started D-Bus System Message Bus.
[   15.197061] cloud-init[878]: |  .o o . .       |
[   15.204271] cloud-init[878]: |   .+ .          |
[   15.211219] cloud-init[878]: |  .... .         |
[   15.222155] cloud-init[878]: | ...  .          |
[   15.230405] cloud-init[878]: +----[SHA256]-----+
[   15.245334] cloud-init[878]: Generating public/private ed25519 key pair.
[   15.258678] cloud-init[878]: Your identification has been saved in /etc/ssh/ssh_host_ed25519_key.
[   15.270216] cloud-init[878]: Your public key has been saved in /etc/ssh/ssh_host_ed25519_key.pub.
[   15.275867]          Starting LSB: automatic crash report generation...
         Starting Accounts Service...
cloud-init[878]: The key fingerprint is:         Starting System Logging Service...

[   15.305120] cloud-init[878]: SHA256:0aDBoCKGaIjy3qKqPdLliCKndmxOmtYKScbiqrmOXVo root@ubuntu-bionic
[   15.318630] cloud-init[878]: The key's randomart image is:
[   15.333073] cloud-init[878]: +--[ED25519 256]--+
[   15.343939] cloud-init[878]: |    .o. .        |
[   15.355952] cloud-init[878]: |=  .  .o o       |         Starting Dispatcher daemon for systemd-networkd...
         Starting LSB: Record successful boot for GRUB...
         Starting Login Service...

         [   15.392722] Starting Snap Daemon...cloud-init
[[0;32m  OK  [0m] Started System Logging Service.
[878]: [[0;32m  OK  [0m] Started Permit User Sessions.
[[0;32m  OK  [0m] Started LXD - container startup/shutdown.
|Oo.   . . .      |
[   15.428643] cloud-init[878]: |*o       .       |
[   15.440720] cloud-init[878]: |.+.     S        |
[   15.479522] cloud-init[878]: |=o ..            |
[   15.493081] cloud-init[878]: |o+==E            |
[[0;32m  OK  [0m] Started Login Service.
[[0;32m  OK  [0m] Started Unattended Upgrades Shutdown.
         Starting Authorization Manager...
         Starting Hold until boot process finishes up...
         Starting Terminate Plymouth Boot Screen...
[[0;32m  OK  [0m] Started Hold until boot process finishes up.
[[0;32m  OK  [0m] Started Terminate Plymouth Boot Screen.
[   15.541520] cloud-init[878]: [[0;32m  OK  [0m] Started Serial Getty on ttyS0.|OBOX.            |
         Starting Set console scheme...

[   15.614697] cloud-init[878]: |^XOo             |
[   15.641393] cloud-init[878]: +----[SHA256]-----+
[[0;32m  OK  [0m] Started LSB: automatic crash report generation.
[[0;32m  OK  [0m] Started Set console scheme.
[[0;32m  OK  [0m] Created slice system-getty.slice.
[[0;32m  OK  [0m] Started Getty on tty1.
[[0;32m  OK  [0m] Reached target Login Prompts.
[[0;32m  OK  [0m] Started LSB: Record successful boot for GRUB.
[[0;32m  OK  [0m] Started Authorization Manager.
[[0;32m  OK  [0m] Started Accounts Service.
[[0;32m  OK  [0m] Started Virtualbox guest utils.
[[0;32m  OK  [0m] Started Dispatcher daemon for systemd-networkd.
[[0;32m  OK  [0m] Started Snap Daemon.
         Starting Wait until snapd is fully seeded...
         Starting Time & Date Service...
[[0;32m  OK  [0m] Started Time & Date Service.
[[0;32m  OK  [0m] Started Pollinate to seed the pseudo random number generator.
         Starting OpenBSD Secure Shell server...
[[0;32m  OK  [0m] Started OpenBSD Secure Shell server.
[[0;32m  OK  [0m] Created slice User Slice of vagrant.
[[0;32m  OK  [0m] Started Session 1 of user vagrant.
         Starting User Manager for UID 1000...
[[0;32m  OK  [0m] Started User Manager for UID 1000.
[[0;32m  OK  [0m] Started Wait until snapd is fully seeded.
         Starting Apply the settings specified in cloud-config...
[   21.851944] cloud-init[1459]: Cloud-init v. 23.1.2-0ubuntu0~18.04.1 running 'modules:config' at Mon, 12 Aug 2024 00:59:27 +0000. Up 20.84 seconds.

Ubuntu 18.04.6 LTS ubuntu-bionic ttyS0

ubuntu-bionic login: ci-info: no authorized SSH keys fingerprints found for user ubuntu.
<14>Aug 12 00:59:30 cloud-init: #############################################################
<14>Aug 12 00:59:30 cloud-init: -----BEGIN SSH HOST KEY FINGERPRINTS-----
<14>Aug 12 00:59:30 cloud-init: 1024 SHA256:M4CObVLy68nNcxNoFWmpW4A4YsY1K3QmK3YPIyafpsI root@ubuntu-bionic (DSA)
<14>Aug 12 00:59:30 cloud-init: 256 SHA256:BKVnuErpHzWoagdBYsznzMQSjHdgMpGEBBQBFA4KwWo root@ubuntu-bionic (ECDSA)
<14>Aug 12 00:59:30 cloud-init: 256 SHA256:0aDBoCKGaIjy3qKqPdLliCKndmxOmtYKScbiqrmOXVo root@ubuntu-bionic (ED25519)
<14>Aug 12 00:59:30 cloud-init: 2048 SHA256:EEJnQCrRhUlxmCB84EPw3wc43S7T2/s9rcFqj1RSt+8 root@ubuntu-bionic (RSA)
<14>Aug 12 00:59:30 cloud-init: -----END SSH HOST KEY FINGERPRINTS-----
<14>Aug 12 00:59:30 cloud-init: #############################################################
-----BEGIN SSH HOST KEY KEYS-----
ecdsa-sha2-nistp256 AAAAE2VjZHNhLXNoYTItbmlzdHAyNTYAAAAIbmlzdHAyNTYAAABBBHGXT+t5VLdweEWotQRehK48zcJjUmX3pxUEL8tQiASuMDBZUEl2oViBTRYPQADKQTvlcTGfCwcqIMzk6GcbKH0= root@ubuntu-bionic
ssh-ed25519 AAAAC3NzaC1lZDI1NTE5AAAAIKCBWwPwxewB6CfBQviowRyHNDIuqH1PqiwzwMFdZdOt root@ubuntu-bionic
ssh-rsa AAAAB3NzaC1yc2EAAAADAQABAAABAQDc+1UwrkKFtHT1UhsAtBRsEsKKhKrzBoUGSEZMh6wcUxUL1hUUdVvgmwRxpnZAmHT+Pjry2zCBiaCVoGpgvuH8ufjBP65Uj8ejd/2iaietiBKaWnSisBay1VG3+vGt7YTckuSQ+hM1xfj6wnSXKN9tCWpPfhXfvRij2UhiSM4b86jLSTEu/PSu7Ma9tH55sFwDvZu7Npcm+Oc3GVsnhi8YcLGp+8u9wNYj+3Eblx6op9TdYuilo9Lt/njLe3SyYJ219/xYKIEBzlGFzDSNNZwU0K18CaUYJulltfkxQmX1NlBkRxaIZIrdG+4+VloWXn2tH8t2uDrm9CifjXyl1yDF root@ubuntu-bionic
-----END SSH HOST KEY KEYS-----
[   23.118667] cloud-init[1620]: Cloud-init v. 23.1.2-0ubuntu0~18.04.1 running 'modules:final' at Mon, 12 Aug 2024 00:59:29 +0000. Up 22.84 seconds.
[   23.128363] cloud-init[1620]: Cloud-init v. 23.1.2-0ubuntu0~18.04.1 finished at Mon, 12 Aug 2024 00:59:30 +0000. Datasource DataSourceNoCloud [seed=/dev/sdb][dsmode=net].  Up 23.11 seconds
